commonVideoLibrary/build/intermediates/manifest_merge_blame_file/debug/manifest-merger-blame-debug-report.txt
1<?xml version="1.0" encoding="utf-8"?>
2<manifest xmlns:android="http://schemas.android.com/apk/res/android"
3    package="com.roryhool.commonvideolibrary"
4    android:versionCode="1"
5    android:versionName="1.0" >
6
7    <uses-sdk
7-->src/main/AndroidManifest.xml:6:5-47
8        android:minSdkVersion="15"
8-->src/main/AndroidManifest.xml:6:5-47
9        android:targetSdkVersion="19" />
9-->src/main/AndroidManifest.xml:6:15-44
10
11    <application
11-->src/main/AndroidManifest.xml:8:5-13:19
12        android:allowBackup="true"
12-->src/main/AndroidManifest.xml:9:9-35
13        android:icon="@drawable/ic_launcher"
13-->src/main/AndroidManifest.xml:10:9-45
14        android:label="@string/app_name"
14-->src/main/AndroidManifest.xml:11:9-41
15        android:theme="@style/AppTheme" >
15-->src/main/AndroidManifest.xml:12:9-40
16    </application>
17
18</manifest>